<?xml version="1.0" encoding="UTF-8"?>
<!-- Generated by org.testng.reporters.JUnitXMLReporter -->
<testsuite hostname="147-NAHMED" ignored="0" name="Test" tests="2" failures="1" timestamp="29 Jun 2018 13:53:47 GMT" time="20.681" errors="0">
  <testcase name="testLogin" time="15.607" classname="test.TestLogin"/>
  <testcase name="testSummaryTitle" time="5.052" classname="test.TestLogin">
    <failure type="java.lang.AssertionError" message="expected [Booking Summary] but found [BOOKING SUMMARY]">
      <![CDATA[java.lang.AssertionError: expected [Booking Summary] but found [BOOKING SUMMARY]
at pages.LoginPage.validateBookinSummaryTitle(LoginPage.java:40)
at test.TestLogin.testSummaryTitle(TestLogin.java:20)
... Removed 31 stack frames]]>
    </failure>
  </testcase> <!-- testSummaryTitle -->
</testsuite> <!-- Test -->
